0 info it worked if it ends with ok
1 verbose cli [ 'C:\\Program Files\\nodejs\\node.exe',
1 verbose cli   'C:\\Users\\Nick\\AppData\\Roaming\\npm\\node_modules\\npm\\bin\\npm-cli.js',
1 verbose cli   'start' ]
2 info using npm@3.8.2
3 info using node@v6.10.2
4 verbose run-script [ 'prestart', 'start', 'poststart' ]
5 info lifecycle project-crystal@1.0.0~prestart: project-crystal@1.0.0
6 silly lifecycle project-crystal@1.0.0~prestart: no script for prestart, continuing
7 info lifecycle project-crystal@1.0.0~start: project-crystal@1.0.0
8 verbose lifecycle project-crystal@1.0.0~start: unsafe-perm in lifecycle true
9 verbose lifecycle project-crystal@1.0.0~start: PATH: C:\Users\Nick\AppData\Roaming\npm\node_modules\npm\bin\node-gyp-bin;D:\Dev\sparq\project-crystal\node_modules\.bin;C:\Program Files\nodejs;C:\Program Files\ConEmu\ConEmu\Scripts;C:\Program Files\ConEmu;C:\Program Files\ConEmu\ConEmu;C:\Program Files (x86)\Intel\iCLS Client\;C:\Program Files\Intel\iCLS Client\;C:\Program Files\Docker\Docker\Resources\bin;C:\ProgramData\Oracle\Java\javapath;D:\Oculus\Support\oculus-runtime;%SUBLIME%;C:\Ruby21-x64\bin;C:\Users\Nick\AppData\Local\atom\bin;C:\Users\Nick\AppData\Roaming\npm;C:\Program Files\Autodesk\Maya2016\bin;C:\Program Files (x86)\Skype\Phone\;C:\Windows\System32;C:\Program Files\Sublime Text 3;C:\Python27\;D:\Dev\MongoDB\bin;C:\Program Files (x86)\Windows Kits\8.1\Windows Performance Toolkit\;C:\Program Files\Microsoft SQL Server\110\Tools\Binn\;C:\Program Files (x86)\Microsoft SDKs\TypeScript\1.0\;C:\Program Files\Microsoft SQL Server\120\Tools\Binn\;C:\Program Files (x86)\GNU\GnuPG\pub;C:\Users\Nick\AppData\Roaming\nvm;C:\Program Files\nodejs;D:\Dev\test\node_modules\jasmine\bin;C:\Program Files (x86)\Heroku\bin;C:\Program Files\cURL\bin;C:\Program Files\MySQL\MySQL Server 5.7\bin;C:\ProgramData\chocolatey\bin;C:\tools\SQLite;C:\Program Files (x86)\Meld;D:\Program Files\PostgreSQL\9.6\bin;C:\Program Files (x86)\Java\jre1.8.0_51\bin;C:\Python34\Scripts;C:\Program Files (x86)\NVIDIA Corporation\PhysX\Common;C:\xampp\php;C:\ProgramData\ComposerSetup\bin;C:\WINDOWS\system32;C:\WINDOWS;C:\WINDOWS\System32\Wbem;C:\WINDOWS\System32\WindowsPowerShell\v1.0\;D:\Program Files (x86)\DevDesktop\tools;C:\Go\bin;C:\Program Files (x86)\GtkSharp\2.12\bin;C:\Program Files\MySQL\MySQL Utilities 1.6\;C:\Program Files\Intel\Intel(R) Management Engine Components\DAL;C:\Program Files\Intel\Intel(R) Management Engine Components\IPT;C:\Program Files\nodejs\;D:\Strawberry\c\bin;D:\Strawberry\perl\site\bin;D:\Strawberry\perl\bin;G:\HashiCorp\Vagrant\bin;D:\Dev\mysql-5.7.12-winx64\mysql-5.7.12-winx64\bin;C:\Program Files\Git\cmd;C:\Users\Nick\Anaconda3;C:\Users\Nick\Anaconda3\Scripts;C:\Users\Nick\Anaconda3\Library\bin;C:\Program Files\Java\jdk1.8.0_121\bin;C:\Ruby21-x64\bin;C:\Users\Nick\AppData\Local\atom\bin;C:\Program Files\Autodesk\Maya2016\bin;C:\Program Files\Sublime Text 3;C:\Users\Nick\AppData\Local\.meteor\;C:\Users\Nick\AppData\Roaming\nvm;C:\Program Files\nodejs;D:\Program Files\PostgreSQL\9.6\bin;C:\ec2-api-tools-1.7.5.1\bin;C:\Users\Nick\AppData\Roaming\Composer\vendor\bin;C:\Users\Nick\AppData\Local\Microsoft\WindowsApps;D:\xampp\php;C:\Program Files\gradle-3.3\bin;C:\Program Files\Java\jdk1.8.0_121\bin;C:\Users\Nick\AppData\Roaming\npm;g:\Program Files (x86)\Microsoft VS Code\bin;D:\Dev\mysql-5.7.12-winx64\mysql-5.7.12-winx64\bin;g:\Program Files\Heroku\bin
10 verbose lifecycle project-crystal@1.0.0~start: CWD: D:\Dev\sparq\project-crystal
11 silly lifecycle project-crystal@1.0.0~start: Args: [ '/d /s /c', 'node server/server.js' ]
12 silly lifecycle project-crystal@1.0.0~start: Returned: code: 1  signal: null
13 info lifecycle project-crystal@1.0.0~start: Failed to exec start script
14 verbose stack Error: project-crystal@1.0.0 start: `node server/server.js`
14 verbose stack Exit status 1
14 verbose stack     at EventEmitter.<anonymous> (C:\Users\Nick\AppData\Roaming\npm\node_modules\npm\lib\utils\lifecycle.js:239:16)
14 verbose stack     at emitTwo (events.js:106:13)
14 verbose stack     at EventEmitter.emit (events.js:191:7)
14 verbose stack     at ChildProcess.<anonymous> (C:\Users\Nick\AppData\Roaming\npm\node_modules\npm\lib\utils\spawn.js:24:14)
14 verbose stack     at emitTwo (events.js:106:13)
14 verbose stack     at ChildProcess.emit (events.js:191:7)
14 verbose stack     at maybeClose (internal/child_process.js:886:16)
14 verbose stack     at Process.ChildProcess._handle.onexit (internal/child_process.js:226:5)
15 verbose pkgid project-crystal@1.0.0
16 verbose cwd D:\Dev\sparq\project-crystal
17 error Windows_NT 10.0.14393
18 error argv "C:\\Program Files\\nodejs\\node.exe" "C:\\Users\\Nick\\AppData\\Roaming\\npm\\node_modules\\npm\\bin\\npm-cli.js" "start"
19 error node v6.10.2
20 error npm  v3.8.2
21 error code ELIFECYCLE
22 error project-crystal@1.0.0 start: `node server/server.js`
22 error Exit status 1
23 error Failed at the project-crystal@1.0.0 start script 'node server/server.js'.
23 error Make sure you have the latest version of node.js and npm installed.
23 error If you do, this is most likely a problem with the project-crystal package,
23 error not with npm itself.
23 error Tell the author that this fails on your system:
23 error     node server/server.js
23 error You can get information on how to open an issue for this project with:
23 error     npm bugs project-crystal
23 error Or if that isn't available, you can get their info via:
23 error     npm owner ls project-crystal
23 error There is likely additional logging output above.
24 verbose exit [ 1, true ]
